

////////// Crontab Check ngrok:  lun 21 jun 2021 15:35:01 -05 //////////
Ya está actualizado.
Already running, check update anyway
Getting urls
pushing to github
[master 336dfa4] update ngrok urls
 1 file changed, 6 insertions(+)
To github.com:ElectronicaYopal/Servicios.git
   8740cce..336dfa4  master -> master
/////////////////////////////////////////////////////

////////// Crontab Check ngrok:  lun 21 jun 2021 15:40:01 -05 //////////
Ya está actualizado.
Already running, check update anyway
Getting urls
pushing to github
[master b140719] update ngrok urls
 1 file changed, 11 insertions(+)
To github.com:ElectronicaYopal/Servicios.git
   336dfa4..b140719  master -> master
/////////////////////////////////////////////////////

////////// Crontab Check ngrok:  lun 21 jun 2021 15:45:01 -05 //////////
Ya está actualizado.
Already running, check update anyway
Getting urls
pushing to github
